<?xml version="1.0" encoding="UTF-8"?>
<testng-results ignored="0" total="1" passed="1" failed="0" skipped="0">
  <reporter-output>
  </reporter-output>
  <suite started-at="2023-12-11T00:12:02 IST" name="Default suite" finished-at="2023-12-11T00:12:36 IST" duration-ms="34480">
    <groups>
      <group name="cucumber">
        <method signature="AbstractTestNGCucumberTests.runScenario(io.cucumber.testng.PickleWrapper,io.cucumber.testng.FeatureWrapper)[pri:0, instance:Testrunner.Testngtestrunner@33bc72d1]" name="runScenario" class="io.cucumber.testng.AbstractTestNGCucumberTests"/>
      </group> <!-- cucumber -->
    </groups>
    <test started-at="2023-12-11T00:12:02 IST" name="Default test" finished-at="2023-12-11T00:12:36 IST" duration-ms="34480">
      <class name="Testrunner.Testngtestrunner">
        <test-method is-config="true" signature="setUpClass(org.testng.ITestContext)[pri:0, instance:Testrunner.Testngtestrunner@33bc72d1]" started-at="2023-12-11T00:12:02 IST" name="setUpClass" finished-at="2023-12-11T00:12:04 IST" duration-ms="1596" status="PASS">
          <params>
            <param index="0">
              <value>
                <![CDATA[org.testng.TestRunner@173797f0]]>
              </value>
            </param>
          </params>
          <reporter-output>
          </reporter-output>
        </test-method> <!-- setUpClass -->
        <test-method signature="runScenario(io.cucumber.testng.PickleWrapper,io.cucumber.testng.FeatureWrapper)[pri:0, instance:Testrunner.Testngtestrunner@33bc72d1]" started-at="2023-12-11T00:12:04 IST" name="runScenario" description="Runs Cucumber Scenarios" data-provider="scenarios" finished-at="2023-12-11T00:12:36 IST" duration-ms="31965" status="PASS">
          <params>
            <param index="0">
              <value>
                <![CDATA["Checking flights available for ticket booking"]]>
              </value>
            </param>
            <param index="1">
              <value>
                <![CDATA["Flight Ticket Booking"]]>
              </value>
            </param>
          </params>
          <reporter-output>
          </reporter-output>
        </test-method> <!-- runScenario -->
        <test-method is-config="true" signature="tearDownClass()[pri:0, instance:Testrunner.Testngtestrunner@33bc72d1]" started-at="2023-12-11T00:12:36 IST" name="tearDownClass" finished-at="2023-12-11T00:12:36 IST" duration-ms="790" status="PASS">
          <reporter-output>
          </reporter-output>
        </test-method> <!-- tearDownClass -->
      </class> <!-- Testrunner.Testngtestrunner -->
    </test> <!-- Default test -->
  </suite> <!-- Default suite -->
</testng-results>
