<?xml version="1.0" encoding="UTF-8"?>
<testng-results ignored="0" total="6" passed="3" failed="3" skipped="0">
  <reporter-output>
  </reporter-output>
  <suite started-at="2023-12-07T13:17:26 IST" name="Default suite" finished-at="2023-12-07T13:19:18 IST" duration-ms="111321">
    <groups>
      <group name="cucumber">
        <method signature="AbstractTestNGCucumberTests.runScenario(io.cucumber.testng.PickleWrapper,io.cucumber.testng.FeatureWrapper)[pri:0, instance:Testrunner.Testngtestrunner@33bc72d1]" name="runScenario" class="io.cucumber.testng.AbstractTestNGCucumberTests"/>
      </group> <!-- cucumber -->
    </groups>
    <test started-at="2023-12-07T13:17:26 IST" name="Default test" finished-at="2023-12-07T13:19:18 IST" duration-ms="111321">
      <class name="Testrunner.Testngtestrunner">
        <test-method is-config="true" signature="setUpClass(org.testng.ITestContext)[pri:0, instance:Testrunner.Testngtestrunner@33bc72d1]" started-at="2023-12-07T13:17:26 IST" name="setUpClass" finished-at="2023-12-07T13:17:28 IST" duration-ms="1524" status="PASS">
          <params>
            <param index="0">
              <value>
                <![CDATA[org.testng.TestRunner@1d0a61c8]]>
              </value>
            </param>
          </params>
          <reporter-output>
          </reporter-output>
        </test-method> <!-- setUpClass -->
        <test-method signature="runScenario(io.cucumber.testng.PickleWrapper,io.cucumber.testng.FeatureWrapper)[pri:0, instance:Testrunner.Testngtestrunner@33bc72d1]" started-at="2023-12-07T13:17:28 IST" name="runScenario" description="Runs Cucumber Scenarios" data-provider="scenarios" finished-at="2023-12-07T13:19:16 IST" duration-ms="108085" status="PASS">
          <params>
            <param index="0">
              <value>
                <![CDATA["search product in shortname place the order compare name with checkout page"]]>
              </value>
            </param>
            <param index="1">
              <value>
                <![CDATA["place order"]]>
              </value>
            </param>
          </params>
          <reporter-output>
          </reporter-output>
        </test-method> <!-- runScenario -->
        <test-method signature="runScenario(io.cucumber.testng.PickleWrapper,io.cucumber.testng.FeatureWrapper)[pri:0, instance:Testrunner.Testngtestrunner@33bc72d1]" started-at="2023-12-07T13:17:28 IST" name="runScenario" description="Runs Cucumber Scenarios" data-provider="scenarios" finished-at="2023-12-07T13:19:16 IST" duration-ms="108474" status="PASS">
          <params>
            <param index="0">
              <value>
                <![CDATA["Search experience for the product search in home page and offer page"]]>
              </value>
            </param>
            <param index="1">
              <value>
                <![CDATA["search and place the order for product"]]>
              </value>
            </param>
          </params>
          <reporter-output>
          </reporter-output>
        </test-method> <!-- runScenario -->
        <test-method signature="runScenario(io.cucumber.testng.PickleWrapper,io.cucumber.testng.FeatureWrapper)[pri:0, instance:Testrunner.Testngtestrunner@33bc72d1]" started-at="2023-12-07T13:17:28 IST" name="runScenario" description="Runs Cucumber Scenarios" data-provider="scenarios" finished-at="2023-12-07T13:19:16 IST" duration-ms="108254" status="FAIL">
          <params>
            <param index="0">
              <value>
                <![CDATA["Search experience for the product search in home page and offer page"]]>
              </value>
            </param>
            <param index="1">
              <value>
                <![CDATA["search and place the order for product"]]>
              </value>
            </param>
          </params>
          <exception class="java.lang.AssertionError">
            <message>
              <![CDATA[expected [No data] but found [Cucumber]]]>
            </message>
            <full-stacktrace>
              <![CDATA[java.lang.AssertionError: expected [No data] but found [Cucumber]
at org.testng.Assert.fail(Assert.java:111)
at org.testng.Assert.failNotEquals(Assert.java:1578)
at org.testng.Assert.assertEqualsImpl(Assert.java:150)
at org.testng.Assert.assertEquals(Assert.java:132)
at org.testng.Assert.assertEquals(Assert.java:656)
at org.testng.Assert.assertEquals(Assert.java:666)
at Stepdefintion.OfferpageStepdefintion.validate_productname_in_offer_page_matches_with_landing_page(OfferpageStepdefintion.java:59)
at ✽.Validate productname in offer page matches with landing page(file:///C:/Users/DELL/Gitstuff/src/test/java/featurefile/searchproduct.feature:8)
]]>
            </full-stacktrace>
          </exception> <!-- java.lang.AssertionError -->
          <reporter-output>
          </reporter-output>
        </test-method> <!-- runScenario -->
        <test-method signature="runScenario(io.cucumber.testng.PickleWrapper,io.cucumber.testng.FeatureWrapper)[pri:0, instance:Testrunner.Testngtestrunner@33bc72d1]" started-at="2023-12-07T13:17:28 IST" name="runScenario" description="Runs Cucumber Scenarios" data-provider="scenarios" finished-at="2023-12-07T13:19:16 IST" duration-ms="108155" status="FAIL">
          <params>
            <param index="0">
              <value>
                <![CDATA["Search experience for the product search in home page and offer page"]]>
              </value>
            </param>
            <param index="1">
              <value>
                <![CDATA["search and place the order for product"]]>
              </value>
            </param>
          </params>
          <exception class="java.lang.AssertionError">
            <message>
              <![CDATA[expected [No data] but found [Beetroot]]]>
            </message>
            <full-stacktrace>
              <![CDATA[java.lang.AssertionError: expected [No data] but found [Beetroot]
at org.testng.Assert.fail(Assert.java:111)
at org.testng.Assert.failNotEquals(Assert.java:1578)
at org.testng.Assert.assertEqualsImpl(Assert.java:150)
at org.testng.Assert.assertEquals(Assert.java:132)
at org.testng.Assert.assertEquals(Assert.java:656)
at org.testng.Assert.assertEquals(Assert.java:666)
at Stepdefintion.OfferpageStepdefintion.validate_productname_in_offer_page_matches_with_landing_page(OfferpageStepdefintion.java:59)
at ✽.Validate productname in offer page matches with landing page(file:///C:/Users/DELL/Gitstuff/src/test/java/featurefile/searchproduct.feature:8)
]]>
            </full-stacktrace>
          </exception> <!-- java.lang.AssertionError -->
          <reporter-output>
          </reporter-output>
        </test-method> <!-- runScenario -->
        <test-method signature="runScenario(io.cucumber.testng.PickleWrapper,io.cucumber.testng.FeatureWrapper)[pri:0, instance:Testrunner.Testngtestrunner@33bc72d1]" started-at="2023-12-07T13:17:28 IST" name="runScenario" description="Runs Cucumber Scenarios" data-provider="scenarios" finished-at="2023-12-07T13:19:16 IST" duration-ms="108224" status="PASS">
          <params>
            <param index="0">
              <value>
                <![CDATA["Search experience for the product search in home page and offer page"]]>
              </value>
            </param>
            <param index="1">
              <value>
                <![CDATA["search and place the order for product"]]>
              </value>
            </param>
          </params>
          <reporter-output>
          </reporter-output>
        </test-method> <!-- runScenario -->
        <test-method signature="runScenario(io.cucumber.testng.PickleWrapper,io.cucumber.testng.FeatureWrapper)[pri:0, instance:Testrunner.Testngtestrunner@33bc72d1]" started-at="2023-12-07T13:17:28 IST" name="runScenario" description="Runs Cucumber Scenarios" data-provider="scenarios" finished-at="2023-12-07T13:19:17 IST" duration-ms="108701" status="FAIL">
          <params>
            <param index="0">
              <value>
                <![CDATA["search product in shortname place the order compare name with checkout page"]]>
              </value>
            </param>
            <param index="1">
              <value>
                <![CDATA["place order"]]>
              </value>
            </param>
          </params>
          <exception class="java.lang.AssertionError">
            <message>
              <![CDATA[expected [true] but found [false]]]>
            </message>
            <full-stacktrace>
              <![CDATA[java.lang.AssertionError: expected [true] but found [false]
at org.testng.Assert.fail(Assert.java:111)
at org.testng.Assert.failNotEquals(Assert.java:1578)
at org.testng.Assert.assertTrue(Assert.java:57)
at org.testng.Assert.assertTrue(Assert.java:67)
at Stepdefintion.CheckoutpageStepdefintion.user_proceed_to_checkout_and_validate_the_item_in_checkout_page(CheckoutpageStepdefintion.java:24)
at ✽.user proceed to checkout and validate the cuc item in checkout page(file:///C:/Users/DELL/Gitstuff/src/test/java/featurefile/checkout.feature:8)
]]>
            </full-stacktrace>
          </exception> <!-- java.lang.AssertionError -->
          <reporter-output>
          </reporter-output>
        </test-method> <!-- runScenario -->
        <test-method is-config="true" signature="tearDownClass()[pri:0, instance:Testrunner.Testngtestrunner@33bc72d1]" started-at="2023-12-07T13:19:17 IST" name="tearDownClass" finished-at="2023-12-07T13:19:18 IST" duration-ms="1001" status="PASS">
          <reporter-output>
          </reporter-output>
        </test-method> <!-- tearDownClass -->
      </class> <!-- Testrunner.Testngtestrunner -->
    </test> <!-- Default test -->
  </suite> <!-- Default suite -->
</testng-results>
